<?xml version="1.0" encoding="UTF-8"?>
<!-- Generated by org.testng.reporters.JUnitReportReporter -->
<testsuite hostname="DESKTOP-LVRVGNH" failures="0" tests="1" name="SeliniumAutomation" time="27.671" errors="0" timestamp="2024-10-05T22:41:13 IST" skipped="0">
  <testcase classname="SeliniumAutomation" name="testInputOutput" time="27.671"/>
</testsuite> <!-- SeliniumAutomation -->
