<?xml version="1.0" encoding="UTF-8"?>
<!-- Generated by org.testng.reporters.JUnitReportReporter -->
<testsuite hostname="DESKTOP-LVRVGNH" failures="0" tests="1" name="ThroughUrl" time="10.223" errors="0" timestamp="2024-10-05T20:25:56 IST" skipped="0">
  <testcase classname="ThroughUrl" name="basketInputAndOutPut" time="10.223"/>
</testsuite> <!-- ThroughUrl -->
