<?xml version="1.0" encoding="UTF-8"?>
<!-- Generated by org.testng.reporters.JUnitReportReporter -->
<testsuite hostname="DESKTOP-LVRVGNH" failures="0" tests="1" name="com.Tests.Tests" time="31.873" errors="0" timestamp="2024-10-07T17:24:29 IST" skipped="0">
  <testcase classname="com.Tests.Tests" name="addToDoIsworking" time="31.873">
    <system-out>
      <![CDATA[Home Page Verification
Home Page verfifed
 Test 001 - Add to-do is working. (Verify if the item is added to the list )
Test 001 - Add to-do is working. (Verify if the item is added to the list - verfifed
************************End Of Test ***************************************************************************
Test-002 Marking an item as complete works. (Verify if the item is crossed out and verify the counter on the bottom-left)
Test-002 Marking an item as complete works. (Verify if the item is crossed out and verify the counter on the bottom-left) - verfifed
************************End Of Test ***************************************************************************
Test -003 Delete a to-do (Verify if the item is removed from the list)
Test -003 Delete a to-do (Verify if the item is removed from the list) - verfifed
************************End Of Test ***************************************************************************
Test =004-Filtering a to-do is working (Click on the Active button and verify if it shows the Active items. Click on Completed and verify if it shows the completed items)
Test =004-Filtering a to-do is working (Click on the Active button and verify if it shows the Active items. Click on Completed and verify if it shows the completed items)
************************End Of Test ***************************************************************************]]>
    </system-out>
  </testcase> <!-- addToDoIsworking -->
  <system-out>
    <![CDATA[Home Page Verification
Home Page verfifed
 Test 001 - Add to-do is working. (Verify if the item is added to the list )
Test 001 - Add to-do is working. (Verify if the item is added to the list - verfifed
************************End Of Test ***************************************************************************
Test-002 Marking an item as complete works. (Verify if the item is crossed out and verify the counter on the bottom-left)
Test-002 Marking an item as complete works. (Verify if the item is crossed out and verify the counter on the bottom-left) - verfifed
************************End Of Test ***************************************************************************
Test -003 Delete a to-do (Verify if the item is removed from the list)
Test -003 Delete a to-do (Verify if the item is removed from the list) - verfifed
************************End Of Test ***************************************************************************
Test =004-Filtering a to-do is working (Click on the Active button and verify if it shows the Active items. Click on Completed and verify if it shows the completed items)
Test =004-Filtering a to-do is working (Click on the Active button and verify if it shows the Active items. Click on Completed and verify if it shows the completed items)
************************End Of Test ***************************************************************************]]>
  </system-out>
</testsuite> <!-- com.Tests.Tests -->
