<?xml version="1.0" encoding="UTF-8"?>
<!-- Generated by org.testng.reporters.JUnitReportReporter -->
<testsuite hostname="DESKTOP-LVRVGNH" failures="0" tests="1" name="Testz" time="1.488" errors="0" timestamp="2024-10-07T14:26:53 IST" skipped="0">
  <testcase classname="Testz" name="marigin" time="1.488"/>
</testsuite> <!-- Testz -->
